2021-10-08 17:45:32.368 [main] INFO  org.hibernate.annotations.common.Version - HCANN000001: Hibernate Commons Annotations {4.0.5.Final}
2021-10-08 17:45:32.381 [main] INFO  org.hibernate.Version - HHH000412: Hibernate Core {4.3.11.Final}
2021-10-08 17:45:32.385 [main] INFO  org.hibernate.cfg.Environment - HHH000206: hibernate.properties not found
2021-10-08 17:45:32.388 [main] INFO  org.hibernate.cfg.Environment - HHH000021: Bytecode provider name : javassist
2021-10-08 17:45:33.748 [main] INFO  org.hibernate.dialect.Dialect - HHH000400: Using dialect: org.hibernate.dialect.MySQLDialect
2021-10-08 17:47:59.294 [main] INFO  org.hibernate.annotations.common.Version - HCANN000001: Hibernate Commons Annotations {4.0.5.Final}
2021-10-08 17:47:59.304 [main] INFO  org.hibernate.Version - HHH000412: Hibernate Core {4.3.11.Final}
2021-10-08 17:47:59.307 [main] INFO  org.hibernate.cfg.Environment - HHH000206: hibernate.properties not found
2021-10-08 17:47:59.309 [main] INFO  org.hibernate.cfg.Environment - HHH000021: Bytecode provider name : javassist
2021-10-08 17:48:00.284 [main] INFO  org.hibernate.dialect.Dialect - HHH000400: Using dialect: org.hibernate.dialect.MySQLDialect
2021-10-08 17:48:00.985 [main] INFO  o.h.e.t.internal.TransactionFactoryInitiator - HHH000399: Using default transaction strategy (direct JDBC transactions)
2021-10-08 17:48:00.996 [main] INFO  o.h.hql.internal.ast.ASTQueryTranslatorFactory - HHH000397: Using ASTQueryTranslatorFactory
2021-10-08 17:48:09.591 [main] INFO  org.hibernate.annotations.common.Version - HCANN000001: Hibernate Commons Annotations {4.0.5.Final}
2021-10-08 17:48:09.602 [main] INFO  org.hibernate.Version - HHH000412: Hibernate Core {4.3.11.Final}
2021-10-08 17:48:09.604 [main] INFO  org.hibernate.cfg.Environment - HHH000206: hibernate.properties not found
2021-10-08 17:48:09.605 [main] INFO  org.hibernate.cfg.Environment - HHH000021: Bytecode provider name : javassist
2021-10-08 17:48:10.215 [main] INFO  org.hibernate.dialect.Dialect - HHH000400: Using dialect: org.hibernate.dialect.MySQLDialect
2021-10-08 17:48:10.381 [main] INFO  o.h.e.t.internal.TransactionFactoryInitiator - HHH000399: Using default transaction strategy (direct JDBC transactions)
2021-10-08 17:48:10.385 [main] INFO  o.h.hql.internal.ast.ASTQueryTranslatorFactory - HHH000397: Using ASTQueryTranslatorFactory
2021-10-08 17:48:44.213 [main] INFO  org.hibernate.annotations.common.Version - HCANN000001: Hibernate Commons Annotations {4.0.5.Final}
2021-10-08 17:48:44.227 [main] INFO  org.hibernate.Version - HHH000412: Hibernate Core {4.3.11.Final}
2021-10-08 17:48:44.229 [main] INFO  org.hibernate.cfg.Environment - HHH000206: hibernate.properties not found
2021-10-08 17:48:44.230 [main] INFO  org.hibernate.cfg.Environment - HHH000021: Bytecode provider name : javassist
2021-10-08 17:48:44.854 [main] INFO  org.hibernate.dialect.Dialect - HHH000400: Using dialect: org.hibernate.dialect.MySQLDialect
2021-10-08 17:48:45.110 [main] INFO  o.h.e.t.internal.TransactionFactoryInitiator - HHH000399: Using default transaction strategy (direct JDBC transactions)
2021-10-08 17:48:45.116 [main] INFO  o.h.hql.internal.ast.ASTQueryTranslatorFactory - HHH000397: Using ASTQueryTranslatorFactory
2021-10-08 17:48:47.263 [main] INFO  s.d.s.web.plugins.DocumentationPluginsBootstrapper - Context refreshed
2021-10-08 17:48:47.298 [main] INFO  s.d.s.web.plugins.DocumentationPluginsBootstrapper - Found 1 custom documentation plugin(s)
2021-10-08 17:48:47.315 [main] INFO  s.d.spring.web.scanners.ApiListingReferenceScanner - Scanning for api listing references
2021-10-08 17:49:25.881 [main] WARN  org.hibernate.engine.jdbc.spi.SqlExceptionHelper - SQL Error: 1364, SQLState: HY000
2021-10-08 17:49:25.881 [main] ERROR org.hibernate.engine.jdbc.spi.SqlExceptionHelper - Field 'elector_id' doesn't have a default value
2021-10-08 17:49:25.883 [main] INFO  o.h.engine.jdbc.batch.internal.AbstractBatchImpl - HHH000010: On release of batch it still contained JDBC statements
2021-10-08 17:49:25.887 [main] WARN  org.hibernate.engine.jdbc.spi.SqlExceptionHelper - SQL Warning Code: 1364, SQLState: HY000
2021-10-08 17:49:25.887 [main] WARN  org.hibernate.engine.jdbc.spi.SqlExceptionHelper - Field 'elector_id' doesn't have a default value
2021-10-08 17:50:37.277 [main] INFO  org.hibernate.annotations.common.Version - HCANN000001: Hibernate Commons Annotations {4.0.5.Final}
2021-10-08 17:50:37.283 [main] INFO  org.hibernate.Version - HHH000412: Hibernate Core {4.3.11.Final}
2021-10-08 17:50:37.285 [main] INFO  org.hibernate.cfg.Environment - HHH000206: hibernate.properties not found
2021-10-08 17:50:37.286 [main] INFO  org.hibernate.cfg.Environment - HHH000021: Bytecode provider name : javassist
2021-10-08 17:50:37.764 [main] INFO  org.hibernate.dialect.Dialect - HHH000400: Using dialect: org.hibernate.dialect.MySQLDialect
2021-10-08 17:50:37.915 [main] INFO  o.h.e.t.internal.TransactionFactoryInitiator - HHH000399: Using default transaction strategy (direct JDBC transactions)
2021-10-08 17:50:37.919 [main] INFO  o.h.hql.internal.ast.ASTQueryTranslatorFactory - HHH000397: Using ASTQueryTranslatorFactory
2021-10-08 17:50:39.413 [main] INFO  s.d.s.web.plugins.DocumentationPluginsBootstrapper - Context refreshed
2021-10-08 17:50:39.447 [main] INFO  s.d.s.web.plugins.DocumentationPluginsBootstrapper - Found 1 custom documentation plugin(s)
2021-10-08 17:50:39.474 [main] INFO  s.d.spring.web.scanners.ApiListingReferenceScanner - Scanning for api listing references
2021-10-08 17:51:19.696 [main] WARN  org.hibernate.engine.jdbc.spi.SqlExceptionHelper - SQL Error: 1364, SQLState: HY000
2021-10-08 17:51:19.696 [main] ERROR org.hibernate.engine.jdbc.spi.SqlExceptionHelper - Field 'elector_id' doesn't have a default value
2021-10-08 17:51:19.699 [main] INFO  o.h.engine.jdbc.batch.internal.AbstractBatchImpl - HHH000010: On release of batch it still contained JDBC statements
2021-10-08 17:51:19.705 [main] WARN  org.hibernate.engine.jdbc.spi.SqlExceptionHelper - SQL Warning Code: 1364, SQLState: HY000
2021-10-08 17:51:19.706 [main] WARN  org.hibernate.engine.jdbc.spi.SqlExceptionHelper - Field 'elector_id' doesn't have a default value
2021-10-08 17:52:50.071 [main] INFO  org.hibernate.annotations.common.Version - HCANN000001: Hibernate Commons Annotations {4.0.5.Final}
2021-10-08 17:52:50.076 [main] INFO  org.hibernate.Version - HHH000412: Hibernate Core {4.3.11.Final}
2021-10-08 17:52:50.077 [main] INFO  org.hibernate.cfg.Environment - HHH000206: hibernate.properties not found
2021-10-08 17:52:50.078 [main] INFO  org.hibernate.cfg.Environment - HHH000021: Bytecode provider name : javassist
2021-10-08 17:52:50.541 [main] INFO  org.hibernate.dialect.Dialect - HHH000400: Using dialect: org.hibernate.dialect.MySQLDialect
2021-10-08 17:52:50.695 [main] INFO  o.h.e.t.internal.TransactionFactoryInitiator - HHH000399: Using default transaction strategy (direct JDBC transactions)
2021-10-08 17:52:50.701 [main] INFO  o.h.hql.internal.ast.ASTQueryTranslatorFactory - HHH000397: Using ASTQueryTranslatorFactory
2021-10-08 17:52:52.450 [main] INFO  s.d.s.web.plugins.DocumentationPluginsBootstrapper - Context refreshed
2021-10-08 17:52:52.591 [main] INFO  s.d.s.web.plugins.DocumentationPluginsBootstrapper - Found 1 custom documentation plugin(s)
2021-10-08 17:52:52.690 [main] INFO  s.d.spring.web.scanners.ApiListingReferenceScanner - Scanning for api listing references
2021-10-08 17:54:13.826 [main] INFO  org.hibernate.annotations.common.Version - HCANN000001: Hibernate Commons Annotations {4.0.5.Final}
2021-10-08 17:54:13.831 [main] INFO  org.hibernate.Version - HHH000412: Hibernate Core {4.3.11.Final}
2021-10-08 17:54:13.832 [main] INFO  org.hibernate.cfg.Environment - HHH000206: hibernate.properties not found
2021-10-08 17:54:13.833 [main] INFO  org.hibernate.cfg.Environment - HHH000021: Bytecode provider name : javassist
2021-10-08 17:54:14.275 [main] INFO  org.hibernate.dialect.Dialect - HHH000400: Using dialect: org.hibernate.dialect.MySQLDialect
2021-10-08 17:54:14.437 [main] INFO  o.h.e.t.internal.TransactionFactoryInitiator - HHH000399: Using default transaction strategy (direct JDBC transactions)
2021-10-08 17:54:14.442 [main] INFO  o.h.hql.internal.ast.ASTQueryTranslatorFactory - HHH000397: Using ASTQueryTranslatorFactory
2021-10-08 17:54:15.945 [main] INFO  s.d.s.web.plugins.DocumentationPluginsBootstrapper - Context refreshed
2021-10-08 17:54:15.974 [main] INFO  s.d.s.web.plugins.DocumentationPluginsBootstrapper - Found 1 custom documentation plugin(s)
2021-10-08 17:54:15.984 [main] INFO  s.d.spring.web.scanners.ApiListingReferenceScanner - Scanning for api listing references
2021-10-08 17:54:43.479 [main] INFO  org.hibernate.annotations.common.Version - HCANN000001: Hibernate Commons Annotations {4.0.5.Final}
2021-10-08 17:54:43.485 [main] INFO  org.hibernate.Version - HHH000412: Hibernate Core {4.3.11.Final}
2021-10-08 17:54:43.487 [main] INFO  org.hibernate.cfg.Environment - HHH000206: hibernate.properties not found
2021-10-08 17:54:43.488 [main] INFO  org.hibernate.cfg.Environment - HHH000021: Bytecode provider name : javassist
2021-10-08 17:54:44.059 [main] INFO  org.hibernate.dialect.Dialect - HHH000400: Using dialect: org.hibernate.dialect.MySQLDialect
2021-10-08 17:54:44.270 [main] INFO  o.h.e.t.internal.TransactionFactoryInitiator - HHH000399: Using default transaction strategy (direct JDBC transactions)
2021-10-08 17:54:44.278 [main] INFO  o.h.hql.internal.ast.ASTQueryTranslatorFactory - HHH000397: Using ASTQueryTranslatorFactory
2021-10-08 17:54:46.058 [main] INFO  s.d.s.web.plugins.DocumentationPluginsBootstrapper - Context refreshed
2021-10-08 17:54:46.083 [main] INFO  s.d.s.web.plugins.DocumentationPluginsBootstrapper - Found 1 custom documentation plugin(s)
2021-10-08 17:54:46.093 [main] INFO  s.d.spring.web.scanners.ApiListingReferenceScanner - Scanning for api listing references
